Flow report for uart_rx
Sat Apr 14 14:30:49 2018
Quartus II 32-bit Version 13.0.0 Build 156 04/24/2013 SJ Web Edition


---------------------
; Table of Contents ;
---------------------
  1. Legal Notice
  2. Flow Summary
  3. Flow Settings
  4. Flow Non-Default Global Settings
  5. Flow Elapsed Time
  6. Flow OS Summary
  7. Flow Log
  8. Flow Messages
  9. Flow Suppressed Messages



----------------
; Legal Notice ;
----------------
Copyright (C) 1991-2013 Altera Corporation
Your use of Altera Corporation's design tools, logic functions 
and other software and tools, and its AMPP partner logic 
functions, and any output files from any of the foregoing 
(including device programming or simulation files), and any 
associated documentation or information are expressly subject 
to the terms and conditions of the Altera Program License 
Subscription Agreement, Altera MegaCore Function License 
Agreement, or other applicable license agreement, including, 
without limitation, that your use is for the sole purpose of 
programming logic devices manufactured by Altera and sold by 
Altera or its authorized distributors.  Please refer to the 
applicable agreement for further details.



+---------------------------------------------------------------------------------+
; Flow Summary                                                                    ;
+------------------------------------+--------------------------------------------+
; Flow Status                        ; Successful - Sat Apr 14 14:30:44 2018      ;
; Quartus II 32-bit Version          ; 13.0.0 Build 156 04/24/2013 SJ Web Edition ;
; Revision Name                      ; uart_rx                                    ;
; Top-level Entity Name              ; top                                        ;
; Family                             ; Cyclone IV E                               ;
; Device                             ; EP4CE22F17C6                               ;
; Timing Models                      ; Final                                      ;
; Total logic elements               ; 430 / 22,320 ( 2 % )                       ;
;     Total combinational functions  ; 410 / 22,320 ( 2 % )                       ;
;     Dedicated logic registers      ; 236 / 22,320 ( 1 % )                       ;
; Total registers                    ; 236                                        ;
; Total pins                         ; 14 / 154 ( 9 % )                           ;
; Total virtual pins                 ; 0                                          ;
; Total memory bits                  ; 2,048 / 608,256 ( < 1 % )                  ;
; Embedded Multiplier 9-bit elements ; 0 / 132 ( 0 % )                            ;
; Total PLLs                         ; 0 / 4 ( 0 % )                              ;
+------------------------------------+--------------------------------------------+


+-----------------------------------------+
; Flow Settings                           ;
+-------------------+---------------------+
; Option            ; Setting             ;
+-------------------+---------------------+
; Start date & time ; 04/14/2018 14:30:10 ;
; Main task         ; Compilation         ;
; Revision Name     ; uart_rx             ;
+-------------------+---------------------+


+------------------------------------------------------------------------------------------------------------------------+
; Flow Non-Default Global Settings                                                                                       ;
+-------------------------------------+---------------------------------------+---------------+-------------+------------+
; Assignment Name                     ; Value                                 ; Default Value ; Entity Name ; Section Id ;
+-------------------------------------+---------------------------------------+---------------+-------------+------------+
; COMPILER_SIGNATURE_ID               ; 79554443319130.152374141006684        ; --            ; --          ; --         ;
; MAX_CORE_JUNCTION_TEMP              ; 85                                    ; --            ; --          ; --         ;
; MIN_CORE_JUNCTION_TEMP              ; 0                                     ; --            ; --          ; --         ;
; PARTITION_COLOR                     ; 16764057                              ; --            ; top         ; Top        ;
; PARTITION_FITTER_PRESERVATION_LEVEL ; PLACEMENT_AND_ROUTING                 ; --            ; top         ; Top        ;
; PARTITION_NETLIST_TYPE              ; SOURCE                                ; --            ; top         ; Top        ;
; POWER_BOARD_THERMAL_MODEL           ; None (CONSERVATIVE)                   ; --            ; --          ; --         ;
; POWER_PRESET_COOLING_SOLUTION       ; 23 MM HEAT SINK WITH 200 LFPM AIRFLOW ; --            ; --          ; --         ;
; PROJECT_OUTPUT_DIRECTORY            ; output_files                          ; --            ; --          ; --         ;
; TOP_LEVEL_ENTITY                    ; top                                   ; uart_rx       ; --          ; --         ;
+-------------------------------------+---------------------------------------+---------------+-------------+------------+


+-------------------------------------------------------------------------------------------------------------------------------+
; Flow Elapsed Time                                                                                                             ;
+---------------------------+--------------+-------------------------+---------------------+------------------------------------+
; Module Name               ; Elapsed Time ; Average Processors Used ; Peak Virtual Memory ; Total CPU Time (on all processors) ;
+---------------------------+--------------+-------------------------+---------------------+------------------------------------+
; Analysis & Synthesis      ; 00:00:07     ; 1.0                     ; 364 MB              ; 00:00:03                           ;
; Fitter                    ; 00:00:19     ; 1.0                     ; 557 MB              ; 00:00:14                           ;
; Assembler                 ; 00:00:03     ; 1.0                     ; 345 MB              ; 00:00:02                           ;
; TimeQuest Timing Analyzer ; 00:00:04     ; 1.0                     ; 402 MB              ; 00:00:03                           ;
; Total                     ; 00:00:33     ; --                      ; --                  ; 00:00:22                           ;
+---------------------------+--------------+-------------------------+---------------------+------------------------------------+


+----------------------------------------------------------------------------------------+
; Flow OS Summary                                                                        ;
+---------------------------+------------------+-----------+------------+----------------+
; Module Name               ; Machine Hostname ; OS Name   ; OS Version ; Processor type ;
+---------------------------+------------------+-----------+------------+----------------+
; Analysis & Synthesis      ; Asus             ; Windows 7 ; 6.2        ; x86_64         ;
; Fitter                    ; Asus             ; Windows 7 ; 6.2        ; x86_64         ;
; Assembler                 ; Asus             ; Windows 7 ; 6.2        ; x86_64         ;
; TimeQuest Timing Analyzer ; Asus             ; Windows 7 ; 6.2        ; x86_64         ;
+---------------------------+------------------+-----------+------------+----------------+


------------
; Flow Log ;
------------
quartus_map --read_settings_files=on --write_settings_files=off uart_rx -c uart_rx
quartus_fit --read_settings_files=off --write_settings_files=off uart_rx -c uart_rx
quartus_asm --read_settings_files=off --write_settings_files=off uart_rx -c uart_rx
quartus_sta uart_rx -c uart_rx



