Analysis & Synthesis report for uart_rx
Sat Apr 14 14:30:18 2018
Quartus II 32-bit Version 13.0.0 Build 156 04/24/2013 SJ Web Edition


---------------------
; Table of Contents ;
---------------------
  1. Legal Notice
  2. Analysis & Synthesis Summary
  3. Analysis & Synthesis Settings
  4. Parallel Compilation
  5. Analysis & Synthesis Source Files Read
  6. Analysis & Synthesis Resource Usage Summary
  7. Analysis & Synthesis Resource Utilization by Entity
  8. Analysis & Synthesis RAM Summary
  9. Analysis & Synthesis IP Cores Summary
 10. State Machine - |top|rd_state
 11. State Machine - |top|uart_tx:uart_tx_m0|state
 12. State Machine - |top|uart_rx:uart_rx_m0|state
 13. Registers Removed During Synthesis
 14. General Register Statistics
 15. Inverted Register Statistics
 16. Multiplexer Restructuring Statistics (Restructuring Performed)
 17. Source assignments for uart_buf:uart_buf_m0|scfifo:scfifo_component|scfifo_f441:auto_generated|a_dpfifo_ma41:dpfifo|dpram_4711:FIFOram|altsyncram_q0k1:altsyncram1
 18. Parameter Settings for User Entity Instance: Top-level Entity: |top
 19. Parameter Settings for User Entity Instance: uart_rx:uart_rx_m0
 20. Parameter Settings for User Entity Instance: uart_tx:uart_tx_m0
 21. Parameter Settings for User Entity Instance: uart_buf:uart_buf_m0|scfifo:scfifo_component
 22. scfifo Parameter Settings by Entity Instance
 23. Port Connectivity Checks: "uart_buf:uart_buf_m0"
 24. Port Connectivity Checks: "Clock_2_Hz:Clock_2_Hz"
 25. Port Connectivity Checks: "Clock_1_Hz:Clock_1_Hz"
 26. Elapsed Time Per Partition
 27. Analysis & Synthesis Messages
 28. Analysis & Synthesis Suppressed Messages



----------------
; Legal Notice ;
----------------
Copyright (C) 1991-2013 Altera Corporation
Your use of Altera Corporation's design tools, logic functions 
and other software and tools, and its AMPP partner logic 
functions, and any output files from any of the foregoing 
(including device programming or simulation files), and any 
associated documentation or information are expressly subject 
to the terms and conditions of the Altera Program License 
Subscription Agreement, Altera MegaCore Function License 
Agreement, or other applicable license agreement, including, 
without limitation, that your use is for the sole purpose of 
programming logic devices manufactured by Altera and sold by 
Altera or its authorized distributors.  Please refer to the 
applicable agreement for further details.



+---------------------------------------------------------------------------------+
; Analysis & Synthesis Summary                                                    ;
+------------------------------------+--------------------------------------------+
; Analysis & Synthesis Status        ; Successful - Sat Apr 14 14:30:17 2018      ;
; Quartus II 32-bit Version          ; 13.0.0 Build 156 04/24/2013 SJ Web Edition ;
; Revision Name                      ; uart_rx                                    ;
; Top-level Entity Name              ; top                                        ;
; Family                             ; Cyclone IV E                               ;
; Total logic elements               ; 437                                        ;
;     Total combinational functions  ; 410                                        ;
;     Dedicated logic registers      ; 244                                        ;
; Total registers                    ; 244                                        ;
; Total pins                         ; 14                                         ;
; Total virtual pins                 ; 0                                          ;
; Total memory bits                  ; 2,048                                      ;
; Embedded Multiplier 9-bit elements ; 0                                          ;
; Total PLLs                         ; 0                                          ;
+------------------------------------+--------------------------------------------+


+----------------------------------------------------------------------------------------------------------------------+
; Analysis & Synthesis Settings                                                                                        ;
+----------------------------------------------------------------------------+--------------------+--------------------+
; Option                                                                     ; Setting            ; Default Value      ;
+----------------------------------------------------------------------------+--------------------+--------------------+
; Device                                                                     ; EP4CE22F17C6       ;                    ;
; Top-level entity name                                                      ; top                ; uart_rx            ;
; Family name                                                                ; Cyclone IV E       ; Cyclone IV GX      ;
; Use smart compilation                                                      ; Off                ; Off                ;
; Enable parallel Assembler and TimeQuest Timing Analyzer during compilation ; On                 ; On                 ;
; Enable compact report table                                                ; Off                ; Off                ;
; Restructure Multiplexers                                                   ; Auto               ; Auto               ;
; Create Debugging Nodes for IP Cores                                        ; Off                ; Off                ;
; Preserve fewer node names                                                  ; On                 ; On                 ;
; Disable OpenCore Plus hardware evaluation                                  ; Off                ; Off                ;
; Verilog Version                                                            ; Verilog_2001       ; Verilog_2001       ;
; VHDL Version                                                               ; VHDL_1993          ; VHDL_1993          ;
; State Machine Processing                                                   ; Auto               ; Auto               ;
; Safe State Machine                                                         ; Off                ; Off                ;
; Extract Verilog State Machines                                             ; On                 ; On                 ;
; Extract VHDL State Machines                                                ; On                 ; On                 ;
; Ignore Verilog initial constructs                                          ; Off                ; Off                ;
; Iteration limit for constant Verilog loops                                 ; 5000               ; 5000               ;
; Iteration limit for non-constant Verilog loops                             ; 250                ; 250                ;
; Add Pass-Through Logic to Inferred RAMs                                    ; On                 ; On                 ;
; Infer RAMs from Raw Logic                                                  ; On                 ; On                 ;
; Parallel Synthesis                                                         ; On                 ; On                 ;
; DSP Block Balancing                                                        ; Auto               ; Auto               ;
; NOT Gate Push-Back                                                         ; On                 ; On                 ;
; Power-Up Don't Care                                                        ; On                 ; On                 ;
; Remove Redundant Logic Cells                                               ; Off                ; Off                ;
; Remove Duplicate Registers                                                 ; On                 ; On                 ;
; Ignore CARRY Buffers                                                       ; Off                ; Off                ;
; Ignore CASCADE Buffers                                                     ; Off                ; Off                ;
; Ignore GLOBAL Buffers                                                      ; Off                ; Off                ;
; Ignore ROW GLOBAL Buffers                                                  ; Off                ; Off                ;
; Ignore LCELL Buffers                                                       ; Off                ; Off                ;
; Ignore SOFT Buffers                                                        ; On                 ; On                 ;
; Limit AHDL Integers to 32 Bits                                             ; Off                ; Off                ;
; Optimization Technique                                                     ; Balanced           ; Balanced           ;
; Carry Chain Length                                                         ; 70                 ; 70                 ;
; Auto Carry Chains                                                          ; On                 ; On                 ;
; Auto Open-Drain Pins                                                       ; On                 ; On                 ;
; Perform WYSIWYG Primitive Resynthesis                                      ; Off                ; Off                ;
; Auto ROM Replacement                                                       ; On                 ; On                 ;
; Auto RAM Replacement                                                       ; On                 ; On                 ;
; Auto DSP Block Replacement                                                 ; On                 ; On                 ;
; Auto Shift Register Replacement                                            ; Auto               ; Auto               ;
; Allow Shift Register Merging across Hierarchies                            ; Auto               ; Auto               ;
; Auto Clock Enable Replacement                                              ; On                 ; On                 ;
; Strict RAM Replacement                                                     ; Off                ; Off                ;
; Allow Synchronous Control Signals                                          ; On                 ; On                 ;
; Force Use of Synchronous Clear Signals                                     ; Off                ; Off                ;
; Auto RAM Block Balancing                                                   ; On                 ; On                 ;
; Auto RAM to Logic Cell Conversion                                          ; Off                ; Off                ;
; Auto Resource Sharing                                                      ; Off                ; Off                ;
; Allow Any RAM Size For Recognition                                         ; Off                ; Off                ;
; Allow Any ROM Size For Recognition                                         ; Off                ; Off                ;
; Allow Any Shift Register Size For Recognition                              ; Off                ; Off                ;
; Use LogicLock Constraints during Resource Balancing                        ; On                 ; On                 ;
; Ignore translate_off and synthesis_off directives                          ; Off                ; Off                ;
; Timing-Driven Synthesis                                                    ; On                 ; On                 ;
; Report Parameter Settings                                                  ; On                 ; On                 ;
; Report Source Assignments                                                  ; On                 ; On                 ;
; Report Connectivity Checks                                                 ; On                 ; On                 ;
; Ignore Maximum Fan-Out Assignments                                         ; Off                ; Off                ;
; Synchronization Register Chain Length                                      ; 2                  ; 2                  ;
; PowerPlay Power Optimization                                               ; Normal compilation ; Normal compilation ;
; HDL message level                                                          ; Level2             ; Level2             ;
; Suppress Register Optimization Related Messages                            ; Off                ; Off                ;
; Number of Removed Registers Reported in Synthesis Report                   ; 5000               ; 5000               ;
; Number of Swept Nodes Reported in Synthesis Report                         ; 5000               ; 5000               ;
; Number of Inverted Registers Reported in Synthesis Report                  ; 100                ; 100                ;
; Clock MUX Protection                                                       ; On                 ; On                 ;
; Auto Gated Clock Conversion                                                ; Off                ; Off                ;
; Block Design Naming                                                        ; Auto               ; Auto               ;
; SDC constraint protection                                                  ; Off                ; Off                ;
; Synthesis Effort                                                           ; Auto               ; Auto               ;
; Shift Register Replacement - Allow Asynchronous Clear Signal               ; On                 ; On                 ;
; Pre-Mapping Resynthesis Optimization                                       ; Off                ; Off                ;
; Analysis & Synthesis Message Level                                         ; Medium             ; Medium             ;
; Disable Register Merging Across Hierarchies                                ; Auto               ; Auto               ;
; Resource Aware Inference For Block RAM                                     ; On                 ; On                 ;
; Synthesis Seed                                                             ; 1                  ; 1                  ;
+----------------------------------------------------------------------------+--------------------+--------------------+


Parallel compilation was disabled, but you have multiple processors available. Enable parallel compilation to reduce compilation time.
+-------------------------------------+
; Parallel Compilation                ;
+----------------------------+--------+
; Processors                 ; Number ;
+----------------------------+--------+
; Number detected on machine ; 4      ;
; Maximum allowed            ; 1      ;
+----------------------------+--------+


+-------------------------------------------------------------------------------------------------------------------------------------------------------------+
; Analysis & Synthesis Source Files Read                                                                                                                      ;
+----------------------------------+-----------------+------------------------------+---------------------------------------------------------------+---------+
; File Name with User-Entered Path ; Used in Netlist ; File Type                    ; File Name with Absolute Path                                  ; Library ;
+----------------------------------+-----------------+------------------------------+---------------------------------------------------------------+---------+
; Clock_2_Hz.v                     ; yes             ; User Verilog HDL File        ; D:/Desktop/FYP2/06_uart_rx_4ce17/Clock_2_Hz.v                 ;         ;
; timer.v                          ; yes             ; User Verilog HDL File        ; D:/Desktop/FYP2/06_uart_rx_4ce17/timer.v                      ;         ;
; Clock_1_Hz.v                     ; yes             ; User Verilog HDL File        ; D:/Desktop/FYP2/06_uart_rx_4ce17/Clock_1_Hz.v                 ;         ;
; src/top.v                        ; yes             ; User Verilog HDL File        ; D:/Desktop/FYP2/06_uart_rx_4ce17/src/top.v                    ;         ;
; src/uart_tx.v                    ; yes             ; User Verilog HDL File        ; D:/Desktop/FYP2/06_uart_rx_4ce17/src/uart_tx.v                ;         ;
; src/uart_buf.v                   ; yes             ; User Wizard-Generated File   ; D:/Desktop/FYP2/06_uart_rx_4ce17/src/uart_buf.v               ;         ;
; src/uart_rx.v                    ; yes             ; User Verilog HDL File        ; D:/Desktop/FYP2/06_uart_rx_4ce17/src/uart_rx.v                ;         ;
; scfifo.tdf                       ; yes             ; Megafunction                 ; D:/Desktop/FYP2/06_uart_rx_4ce17/megafunctions/scfifo.tdf     ;         ;
; a_regfifo.inc                    ; yes             ; Megafunction                 ; D:/Desktop/FYP2/06_uart_rx_4ce17/megafunctions/a_regfifo.inc  ;         ;
; a_dpfifo.inc                     ; yes             ; Megafunction                 ; D:/Desktop/FYP2/06_uart_rx_4ce17/megafunctions/a_dpfifo.inc   ;         ;
; a_i2fifo.inc                     ; yes             ; Megafunction                 ; D:/Desktop/FYP2/06_uart_rx_4ce17/megafunctions/a_i2fifo.inc   ;         ;
; a_fffifo.inc                     ; yes             ; Megafunction                 ; D:/Desktop/FYP2/06_uart_rx_4ce17/megafunctions/a_fffifo.inc   ;         ;
; a_f2fifo.inc                     ; yes             ; Megafunction                 ; D:/Desktop/FYP2/06_uart_rx_4ce17/megafunctions/a_f2fifo.inc   ;         ;
; aglobal130.inc                   ; yes             ; Megafunction                 ; D:/Desktop/FYP2/06_uart_rx_4ce17/megafunctions/aglobal130.inc ;         ;
; db/scfifo_f441.tdf               ; yes             ; Auto-Generated Megafunction  ; D:/Desktop/FYP2/06_uart_rx_4ce17/db/scfifo_f441.tdf           ;         ;
; db/a_dpfifo_ma41.tdf             ; yes             ; Auto-Generated Megafunction  ; D:/Desktop/FYP2/06_uart_rx_4ce17/db/a_dpfifo_ma41.tdf         ;         ;
; db/a_fefifo_08f.tdf              ; yes             ; Auto-Generated Megafunction  ; D:/Desktop/FYP2/06_uart_rx_4ce17/db/a_fefifo_08f.tdf          ;         ;
; db/cntr_fo7.tdf                  ; yes             ; Auto-Generated Megafunction  ; D:/Desktop/FYP2/06_uart_rx_4ce17/db/cntr_fo7.tdf              ;         ;
; db/dpram_4711.tdf                ; yes             ; Auto-Generated Megafunction  ; D:/Desktop/FYP2/06_uart_rx_4ce17/db/dpram_4711.tdf            ;         ;
; db/altsyncram_q0k1.tdf           ; yes             ; Auto-Generated Megafunction  ; D:/Desktop/FYP2/06_uart_rx_4ce17/db/altsyncram_q0k1.tdf       ;         ;
; db/cntr_3ob.tdf                  ; yes             ; Auto-Generated Megafunction  ; D:/Desktop/FYP2/06_uart_rx_4ce17/db/cntr_3ob.tdf              ;         ;
+----------------------------------+-----------------+------------------------------+---------------------------------------------------------------+---------+


+---------------------------------------------------------+
; Analysis & Synthesis Resource Usage Summary             ;
+---------------------------------------------+-----------+
; Resource                                    ; Usage     ;
+---------------------------------------------+-----------+
; Estimated Total logic elements              ; 437       ;
;                                             ;           ;
; Total combinational functions               ; 410       ;
; Logic element usage by number of LUT inputs ;           ;
;     -- 4 input functions                    ; 131       ;
;     -- 3 input functions                    ; 40        ;
;     -- <=2 input functions                  ; 239       ;
;                                             ;           ;
; Logic elements by mode                      ;           ;
;     -- normal mode                          ; 236       ;
;     -- arithmetic mode                      ; 174       ;
;                                             ;           ;
; Total registers                             ; 244       ;
;     -- Dedicated logic registers            ; 244       ;
;     -- I/O registers                        ; 0         ;
;                                             ;           ;
; I/O pins                                    ; 14        ;
; Total memory bits                           ; 2048      ;
; Embedded Multiplier 9-bit elements          ; 0         ;
; Maximum fan-out node                        ; clk~input ;
; Maximum fan-out                             ; 194       ;
; Total fan-out                               ; 2052      ;
; Average fan-out                             ; 2.97      ;
+---------------------------------------------+-----------+


+-------------------------------------------------------------------------------------------------------------------------------------------------------------------------------------------------------------------------------------------------------------------------------------------------------------------------------+
; Analysis & Synthesis Resource Utilization by Entity                                                                                                                                                                                                                                                                           ;
+-------------------------------------------------+-------------------+--------------+-------------+--------------+---------+-----------+------+--------------+--------------------------------------------------------------------------------------------------------------------------------------------------+--------------+
; Compilation Hierarchy Node                      ; LC Combinationals ; LC Registers ; Memory Bits ; DSP Elements ; DSP 9x9 ; DSP 18x18 ; Pins ; Virtual Pins ; Full Hierarchy Name                                                                                                                              ; Library Name ;
+-------------------------------------------------+-------------------+--------------+-------------+--------------+---------+-----------+------+--------------+--------------------------------------------------------------------------------------------------------------------------------------------------+--------------+
; |top                                            ; 410 (115)         ; 244 (63)     ; 2048        ; 0            ; 0       ; 0         ; 14   ; 0            ; |top                                                                                                                                             ;              ;
;    |Clock_1_Hz:Clock_1_Hz|                      ; 67 (67)           ; 29 (29)      ; 0           ; 0            ; 0       ; 0         ; 0    ; 0            ; |top|Clock_1_Hz:Clock_1_Hz                                                                                                                       ;              ;
;    |Clock_2_Hz:Clock_2_Hz|                      ; 60 (60)           ; 26 (26)      ; 0           ; 0            ; 0       ; 0         ; 0    ; 0            ; |top|Clock_2_Hz:Clock_2_Hz                                                                                                                       ;              ;
;    |timer:timer|                                ; 43 (43)           ; 26 (26)      ; 0           ; 0            ; 0       ; 0         ; 0    ; 0            ; |top|timer:timer                                                                                                                                 ;              ;
;    |uart_buf:uart_buf_m0|                       ; 35 (0)            ; 26 (0)       ; 2048        ; 0            ; 0       ; 0         ; 0    ; 0            ; |top|uart_buf:uart_buf_m0                                                                                                                        ;              ;
;       |scfifo:scfifo_component|                 ; 35 (0)            ; 26 (0)       ; 2048        ; 0            ; 0       ; 0         ; 0    ; 0            ; |top|uart_buf:uart_buf_m0|scfifo:scfifo_component                                                                                                ;              ;
;          |scfifo_f441:auto_generated|           ; 35 (0)            ; 26 (0)       ; 2048        ; 0            ; 0       ; 0         ; 0    ; 0            ; |top|uart_buf:uart_buf_m0|scfifo:scfifo_component|scfifo_f441:auto_generated                                                                     ;              ;
;             |a_dpfifo_ma41:dpfifo|              ; 35 (2)            ; 26 (0)       ; 2048        ; 0            ; 0       ; 0         ; 0    ; 0            ; |top|uart_buf:uart_buf_m0|scfifo:scfifo_component|scfifo_f441:auto_generated|a_dpfifo_ma41:dpfifo                                                ;              ;
;                |a_fefifo_08f:fifo_state|        ; 17 (9)            ; 10 (2)       ; 0           ; 0            ; 0       ; 0         ; 0    ; 0            ; |top|uart_buf:uart_buf_m0|scfifo:scfifo_component|scfifo_f441:auto_generated|a_dpfifo_ma41:dpfifo|a_fefifo_08f:fifo_state                        ;              ;
;                   |cntr_fo7:count_usedw|        ; 8 (8)             ; 8 (8)        ; 0           ; 0            ; 0       ; 0         ; 0    ; 0            ; |top|uart_buf:uart_buf_m0|scfifo:scfifo_component|scfifo_f441:auto_generated|a_dpfifo_ma41:dpfifo|a_fefifo_08f:fifo_state|cntr_fo7:count_usedw   ;              ;
;                |cntr_3ob:rd_ptr_count|          ; 8 (8)             ; 8 (8)        ; 0           ; 0            ; 0       ; 0         ; 0    ; 0            ; |top|uart_buf:uart_buf_m0|scfifo:scfifo_component|scfifo_f441:auto_generated|a_dpfifo_ma41:dpfifo|cntr_3ob:rd_ptr_count                          ;              ;
;                |cntr_3ob:wr_ptr|                ; 8 (8)             ; 8 (8)        ; 0           ; 0            ; 0       ; 0         ; 0    ; 0            ; |top|uart_buf:uart_buf_m0|scfifo:scfifo_component|scfifo_f441:auto_generated|a_dpfifo_ma41:dpfifo|cntr_3ob:wr_ptr                                ;              ;
;                |dpram_4711:FIFOram|             ; 0 (0)             ; 0 (0)        ; 2048        ; 0            ; 0       ; 0         ; 0    ; 0            ; |top|uart_buf:uart_buf_m0|scfifo:scfifo_component|scfifo_f441:auto_generated|a_dpfifo_ma41:dpfifo|dpram_4711:FIFOram                             ;              ;
;                   |altsyncram_q0k1:altsyncram1| ; 0 (0)             ; 0 (0)        ; 2048        ; 0            ; 0       ; 0         ; 0    ; 0            ; |top|uart_buf:uart_buf_m0|scfifo:scfifo_component|scfifo_f441:auto_generated|a_dpfifo_ma41:dpfifo|dpram_4711:FIFOram|altsyncram_q0k1:altsyncram1 ;              ;
;    |uart_rx:uart_rx_m0|                         ; 44 (44)           ; 38 (38)      ; 0           ; 0            ; 0       ; 0         ; 0    ; 0            ; |top|uart_rx:uart_rx_m0                                                                                                                          ;              ;
;    |uart_tx:uart_tx_m0|                         ; 46 (46)           ; 36 (36)      ; 0           ; 0            ; 0       ; 0         ; 0    ; 0            ; |top|uart_tx:uart_tx_m0                                                                                                                          ;              ;
+-------------------------------------------------+-------------------+--------------+-------------+--------------+---------+-----------+------+--------------+--------------------------------------------------------------------------------------------------------------------------------------------------+--------------+
Note: For table entries with two numbers listed, the numbers in parentheses indicate the number of resources of the given type used by the specific entity alone. The numbers listed outside of parentheses indicate the total resources of the given type used by the specific entity and all of its sub-entities in the hierarchy.


+------------------------------------------------------------------------------------------------------------------------------------------------------------------------------------------------------------------------------------------------------------+
; Analysis & Synthesis RAM Summary                                                                                                                                                                                                                           ;
+--------------------------------------------------------------------------------------------------------------------------------------------------------+------+------------------+--------------+--------------+--------------+--------------+------+------+
; Name                                                                                                                                                   ; Type ; Mode             ; Port A Depth ; Port A Width ; Port B Depth ; Port B Width ; Size ; MIF  ;
+--------------------------------------------------------------------------------------------------------------------------------------------------------+------+------------------+--------------+--------------+--------------+--------------+------+------+
; uart_buf:uart_buf_m0|scfifo:scfifo_component|scfifo_f441:auto_generated|a_dpfifo_ma41:dpfifo|dpram_4711:FIFOram|altsyncram_q0k1:altsyncram1|ALTSYNCRAM ; AUTO ; Simple Dual Port ; 256          ; 8            ; 256          ; 8            ; 2048 ; None ;
+--------------------------------------------------------------------------------------------------------------------------------------------------------+------+------------------+--------------+--------------+--------------+--------------+------+------+


+---------------------------------------------------------------------------------------------------------------------------------------------+
; Analysis & Synthesis IP Cores Summary                                                                                                       ;
+--------+--------------+---------+--------------+--------------+---------------------------+-------------------------------------------------+
; Vendor ; IP Core Name ; Version ; Release Date ; License Type ; Entity Instance           ; IP Include File                                 ;
+--------+--------------+---------+--------------+--------------+---------------------------+-------------------------------------------------+
; Altera ; FIFO         ; N/A     ; N/A          ; N/A          ; |top|uart_buf:uart_buf_m0 ; D:/Desktop/FYP2/06_uart_rx_4ce17/src/uart_buf.v ;
+--------+--------------+---------+--------------+--------------+---------------------------+-------------------------------------------------+


Encoding Type:  One-Hot
+-----------------------------------------------------------------------------------+
; State Machine - |top|rd_state                                                     ;
+--------------------+--------------------+--------------------+--------------------+
; Name               ; rd_state.S_RD_IDLE ; rd_state.S_RD_SEND ; rd_state.S_RD_FIFO ;
+--------------------+--------------------+--------------------+--------------------+
; rd_state.S_RD_IDLE ; 0                  ; 0                  ; 0                  ;
; rd_state.S_RD_FIFO ; 1                  ; 0                  ; 1                  ;
; rd_state.S_RD_SEND ; 1                  ; 1                  ; 0                  ;
+--------------------+--------------------+--------------------+--------------------+


Encoding Type:  One-Hot
+-------------------------------------------------------------------------------------------------------------------------------------------------------------------------------------+
; State Machine - |top|uart_tx:uart_tx_m0|state                                                                                                                                       ;
+---------------+--------------+--------------+--------------+--------------+--------------+--------------+--------------+--------------+--------------+---------------+--------------+
; Name          ; state.S_STOP ; state.S_BIT7 ; state.S_BIT6 ; state.S_BIT5 ; state.S_BIT4 ; state.S_BIT3 ; state.S_BIT2 ; state.S_BIT1 ; state.S_BIT0 ; state.S_START ; state.S_IDLE ;
+---------------+--------------+--------------+--------------+--------------+--------------+--------------+--------------+--------------+--------------+---------------+--------------+
; state.S_IDLE  ; 0            ; 0            ; 0            ; 0            ; 0            ; 0            ; 0            ; 0            ; 0            ; 0             ; 0            ;
; state.S_START ; 0            ; 0            ; 0            ; 0            ; 0            ; 0            ; 0            ; 0            ; 0            ; 1             ; 1            ;
; state.S_BIT0  ; 0            ; 0            ; 0            ; 0            ; 0            ; 0            ; 0            ; 0            ; 1            ; 0             ; 1            ;
; state.S_BIT1  ; 0            ; 0            ; 0            ; 0            ; 0            ; 0            ; 0            ; 1            ; 0            ; 0             ; 1            ;
; state.S_BIT2  ; 0            ; 0            ; 0            ; 0            ; 0            ; 0            ; 1            ; 0            ; 0            ; 0             ; 1            ;
; state.S_BIT3  ; 0            ; 0            ; 0            ; 0            ; 0            ; 1            ; 0            ; 0            ; 0            ; 0             ; 1            ;
; state.S_BIT4  ; 0            ; 0            ; 0            ; 0            ; 1            ; 0            ; 0            ; 0            ; 0            ; 0             ; 1            ;
; state.S_BIT5  ; 0            ; 0            ; 0            ; 1            ; 0            ; 0            ; 0            ; 0            ; 0            ; 0             ; 1            ;
; state.S_BIT6  ; 0            ; 0            ; 1            ; 0            ; 0            ; 0            ; 0            ; 0            ; 0            ; 0             ; 1            ;
; state.S_BIT7  ; 0            ; 1            ; 0            ; 0            ; 0            ; 0            ; 0            ; 0            ; 0            ; 0             ; 1            ;
; state.S_STOP  ; 1            ; 0            ; 0            ; 0            ; 0            ; 0            ; 0            ; 0            ; 0            ; 0             ; 1            ;
+---------------+--------------+--------------+--------------+--------------+--------------+--------------+--------------+--------------+--------------+---------------+--------------+


Encoding Type:  One-Hot
+-------------------------------------------------------------------------------------------------------------------------------------------------------------------------------------+
; State Machine - |top|uart_rx:uart_rx_m0|state                                                                                                                                       ;
+---------------+--------------+--------------+--------------+--------------+--------------+--------------+--------------+--------------+--------------+---------------+--------------+
; Name          ; state.S_STOP ; state.S_BIT7 ; state.S_BIT6 ; state.S_BIT5 ; state.S_BIT4 ; state.S_BIT3 ; state.S_BIT2 ; state.S_BIT1 ; state.S_BIT0 ; state.S_START ; state.S_IDLE ;
+---------------+--------------+--------------+--------------+--------------+--------------+--------------+--------------+--------------+--------------+---------------+--------------+
; state.S_IDLE  ; 0            ; 0            ; 0            ; 0            ; 0            ; 0            ; 0            ; 0            ; 0            ; 0             ; 0            ;
; state.S_START ; 0            ; 0            ; 0            ; 0            ; 0            ; 0            ; 0            ; 0            ; 0            ; 1             ; 1            ;
; state.S_BIT0  ; 0            ; 0            ; 0            ; 0            ; 0            ; 0            ; 0            ; 0            ; 1            ; 0             ; 1            ;
; state.S_BIT1  ; 0            ; 0            ; 0            ; 0            ; 0            ; 0            ; 0            ; 1            ; 0            ; 0             ; 1            ;
; state.S_BIT2  ; 0            ; 0            ; 0            ; 0            ; 0            ; 0            ; 1            ; 0            ; 0            ; 0             ; 1            ;
; state.S_BIT3  ; 0            ; 0            ; 0            ; 0            ; 0            ; 1            ; 0            ; 0            ; 0            ; 0             ; 1            ;
; state.S_BIT4  ; 0            ; 0            ; 0            ; 0            ; 1            ; 0            ; 0            ; 0            ; 0            ; 0             ; 1            ;
; state.S_BIT5  ; 0            ; 0            ; 0            ; 1            ; 0            ; 0            ; 0            ; 0            ; 0            ; 0             ; 1            ;
; state.S_BIT6  ; 0            ; 0            ; 1            ; 0            ; 0            ; 0            ; 0            ; 0            ; 0            ; 0             ; 1            ;
; state.S_BIT7  ; 0            ; 1            ; 0            ; 0            ; 0            ; 0            ; 0            ; 0            ; 0            ; 0             ; 1            ;
; state.S_STOP  ; 1            ; 0            ; 0            ; 0            ; 0            ; 0            ; 0            ; 0            ; 0            ; 0             ; 1            ;
+---------------+--------------+--------------+--------------+--------------+--------------+--------------+--------------+--------------+--------------+---------------+--------------+


+---------------------------------------------------------------------------------+
; Registers Removed During Synthesis                                              ;
+----------------------------------------+----------------------------------------+
; Register name                          ; Reason for Removal                     ;
+----------------------------------------+----------------------------------------+
; m[1..8,13..24]                         ; Merged with m[0]                       ;
; m[0]                                   ; Stuck at GND due to stuck port data_in ;
; uart_tx:uart_tx_m0|state~4             ; Lost fanout                            ;
; uart_tx:uart_tx_m0|state~5             ; Lost fanout                            ;
; uart_tx:uart_tx_m0|state~6             ; Lost fanout                            ;
; uart_tx:uart_tx_m0|state~7             ; Lost fanout                            ;
; uart_rx:uart_rx_m0|state~15            ; Lost fanout                            ;
; uart_rx:uart_rx_m0|state~16            ; Lost fanout                            ;
; uart_rx:uart_rx_m0|state~17            ; Lost fanout                            ;
; uart_rx:uart_rx_m0|state~18            ; Lost fanout                            ;
; Total Number of Removed Registers = 29 ;                                        ;
+----------------------------------------+----------------------------------------+


+------------------------------------------------------+
; General Register Statistics                          ;
+----------------------------------------------+-------+
; Statistic                                    ; Value ;
+----------------------------------------------+-------+
; Total registers                              ; 244   ;
; Number of registers using Synchronous Clear  ; 66    ;
; Number of registers using Synchronous Load   ; 0     ;
; Number of registers using Asynchronous Clear ; 88    ;
; Number of registers using Asynchronous Load  ; 0     ;
; Number of registers using Clock Enable       ; 119   ;
; Number of registers using Preset             ; 0     ;
+----------------------------------------------+-------+


+--------------------------------------------------+
; Inverted Register Statistics                     ;
+----------------------------------------+---------+
; Inverted Register                      ; Fan out ;
+----------------------------------------+---------+
; uart_tx:uart_tx_m0|txd                 ; 1       ;
; Clock_1_Hz:Clock_1_Hz|cnt[0]           ; 2       ;
; Clock_2_Hz:Clock_2_Hz|cnt[0]           ; 1       ;
; Total number of inverted registers = 3 ;         ;
+----------------------------------------+---------+


+---------------------------------------------------------------------------------------------------------------------------------------------------+
; Multiplexer Restructuring Statistics (Restructuring Performed)                                                                                    ;
+--------------------+-----------+---------------+----------------------+------------------------+------------+-------------------------------------+
; Multiplexer Inputs ; Bus Width ; Baseline Area ; Area if Restructured ; Saving if Restructured ; Registered ; Example Multiplexer Output          ;
+--------------------+-----------+---------------+----------------------+------------------------+------------+-------------------------------------+
; 3:1                ; 26 bits   ; 52 LEs        ; 26 LEs               ; 26 LEs                 ; Yes        ; |top|motor1[9]                      ;
; 5:1                ; 25 bits   ; 75 LEs        ; 25 LEs               ; 50 LEs                 ; Yes        ; |top|motor[0]                       ;
; 9:1                ; 4 bits    ; 24 LEs        ; 20 LEs               ; 4 LEs                  ; Yes        ; |top|m[12]                          ;
; 5:1                ; 16 bits   ; 48 LEs        ; 16 LEs               ; 32 LEs                 ; Yes        ; |top|uart_rx:uart_rx_m0|bit_cnt[10] ;
; 6:1                ; 2 bits    ; 8 LEs         ; 4 LEs                ; 4 LEs                  ; No         ; |top|uart_rx:uart_rx_m0|Selector0   ;
+--------------------+-----------+---------------+----------------------+------------------------+------------+-------------------------------------+


+--------------------------------------------------------------------------------------------------------------------------------------------------------------------+
; Source assignments for uart_buf:uart_buf_m0|scfifo:scfifo_component|scfifo_f441:auto_generated|a_dpfifo_ma41:dpfifo|dpram_4711:FIFOram|altsyncram_q0k1:altsyncram1 ;
+---------------------------------+--------------------+------+------------------------------------------------------------------------------------------------------+
; Assignment                      ; Value              ; From ; To                                                                                                   ;
+---------------------------------+--------------------+------+------------------------------------------------------------------------------------------------------+
; OPTIMIZE_POWER_DURING_SYNTHESIS ; NORMAL_COMPILATION ; -    ; -                                                                                                    ;
+---------------------------------+--------------------+------+------------------------------------------------------------------------------------------------------+


+---------------------------------------------------------------------+
; Parameter Settings for User Entity Instance: Top-level Entity: |top ;
+----------------+-------+--------------------------------------------+
; Parameter Name ; Value ; Type                                       ;
+----------------+-------+--------------------------------------------+
; S_RD_IDLE      ; 00    ; Unsigned Binary                            ;
; S_RD_FIFO      ; 01    ; Unsigned Binary                            ;
; S_RD_SEND      ; 10    ; Unsigned Binary                            ;
; S_WR_IDLE      ; 00    ; Unsigned Binary                            ;
; S_WR_SEND      ; 01    ; Unsigned Binary                            ;
+----------------+-------+--------------------------------------------+
Note: In order to hide this table in the UI and the text report file, please set the "Show Parameter Settings in Synthesis Report" option in "Analysis and Synthesis Settings -> More Settings" to "Off".


+-----------------------------------------------------------------+
; Parameter Settings for User Entity Instance: uart_rx:uart_rx_m0 ;
+----------------+-------+----------------------------------------+
; Parameter Name ; Value ; Type                                   ;
+----------------+-------+----------------------------------------+
; S_IDLE         ; 0000  ; Unsigned Binary                        ;
; S_START        ; 0001  ; Unsigned Binary                        ;
; S_BIT0         ; 0010  ; Unsigned Binary                        ;
; S_BIT1         ; 0011  ; Unsigned Binary                        ;
; S_BIT2         ; 0100  ; Unsigned Binary                        ;
; S_BIT3         ; 0101  ; Unsigned Binary                        ;
; S_BIT4         ; 0110  ; Unsigned Binary                        ;
; S_BIT5         ; 0111  ; Unsigned Binary                        ;
; S_BIT6         ; 1000  ; Unsigned Binary                        ;
; S_BIT7         ; 1001  ; Unsigned Binary                        ;
; S_STOP         ; 1010  ; Unsigned Binary                        ;
+----------------+-------+----------------------------------------+
Note: In order to hide this table in the UI and the text report file, please set the "Show Parameter Settings in Synthesis Report" option in "Analysis and Synthesis Settings -> More Settings" to "Off".


+-----------------------------------------------------------------+
; Parameter Settings for User Entity Instance: uart_tx:uart_tx_m0 ;
+----------------+-------+----------------------------------------+
; Parameter Name ; Value ; Type                                   ;
+----------------+-------+----------------------------------------+
; S_IDLE         ; 0000  ; Unsigned Binary                        ;
; S_START        ; 0001  ; Unsigned Binary                        ;
; S_BIT0         ; 0010  ; Unsigned Binary                        ;
; S_BIT1         ; 0011  ; Unsigned Binary                        ;
; S_BIT2         ; 0100  ; Unsigned Binary                        ;
; S_BIT3         ; 0101  ; Unsigned Binary                        ;
; S_BIT4         ; 0110  ; Unsigned Binary                        ;
; S_BIT5         ; 0111  ; Unsigned Binary                        ;
; S_BIT6         ; 1000  ; Unsigned Binary                        ;
; S_BIT7         ; 1001  ; Unsigned Binary                        ;
; S_STOP         ; 1010  ; Unsigned Binary                        ;
+----------------+-------+----------------------------------------+
Note: In order to hide this table in the UI and the text report file, please set the "Show Parameter Settings in Synthesis Report" option in "Analysis and Synthesis Settings -> More Settings" to "Off".


+-------------------------------------------------------------------------------------------+
; Parameter Settings for User Entity Instance: uart_buf:uart_buf_m0|scfifo:scfifo_component ;
+-------------------------+--------------+--------------------------------------------------+
; Parameter Name          ; Value        ; Type                                             ;
+-------------------------+--------------+--------------------------------------------------+
; AUTO_CARRY_CHAINS       ; ON           ; AUTO_CARRY                                       ;
; IGNORE_CARRY_BUFFERS    ; OFF          ; IGNORE_CARRY                                     ;
; AUTO_CASCADE_CHAINS     ; ON           ; AUTO_CASCADE                                     ;
; IGNORE_CASCADE_BUFFERS  ; OFF          ; IGNORE_CASCADE                                   ;
; lpm_width               ; 8            ; Signed Integer                                   ;
; LPM_NUMWORDS            ; 256          ; Signed Integer                                   ;
; LPM_WIDTHU              ; 8            ; Signed Integer                                   ;
; LPM_SHOWAHEAD           ; OFF          ; Untyped                                          ;
; UNDERFLOW_CHECKING      ; ON           ; Untyped                                          ;
; OVERFLOW_CHECKING       ; ON           ; Untyped                                          ;
; ALLOW_RWCYCLE_WHEN_FULL ; OFF          ; Untyped                                          ;
; ADD_RAM_OUTPUT_REGISTER ; OFF          ; Untyped                                          ;
; ALMOST_FULL_VALUE       ; 0            ; Untyped                                          ;
; ALMOST_EMPTY_VALUE      ; 0            ; Untyped                                          ;
; USE_EAB                 ; ON           ; Untyped                                          ;
; MAXIMIZE_SPEED          ; 5            ; Untyped                                          ;
; DEVICE_FAMILY           ; Cyclone IV E ; Untyped                                          ;
; OPTIMIZE_FOR_SPEED      ; 5            ; Untyped                                          ;
; CBXI_PARAMETER          ; scfifo_f441  ; Untyped                                          ;
+-------------------------+--------------+--------------------------------------------------+
Note: In order to hide this table in the UI and the text report file, please set the "Show Parameter Settings in Synthesis Report" option in "Analysis and Synthesis Settings -> More Settings" to "Off".


+---------------------------------------------------------------------------+
; scfifo Parameter Settings by Entity Instance                              ;
+----------------------------+----------------------------------------------+
; Name                       ; Value                                        ;
+----------------------------+----------------------------------------------+
; Number of entity instances ; 1                                            ;
; Entity Instance            ; uart_buf:uart_buf_m0|scfifo:scfifo_component ;
;     -- FIFO Type           ; Single Clock                                 ;
;     -- lpm_width           ; 8                                            ;
;     -- LPM_NUMWORDS        ; 256                                          ;
;     -- LPM_SHOWAHEAD       ; OFF                                          ;
;     -- USE_EAB             ; ON                                           ;
+----------------------------+----------------------------------------------+


+----------------------------------------------------+
; Port Connectivity Checks: "uart_buf:uart_buf_m0"   ;
+-------+--------+----------+------------------------+
; Port  ; Type   ; Severity ; Details                ;
+-------+--------+----------+------------------------+
; full  ; Output ; Info     ; Explicitly unconnected ;
; usedw ; Output ; Info     ; Explicitly unconnected ;
+-------+--------+----------+------------------------+


+-------------------------------------------------------------------------------------------------------------------------------------------------------------------------+
; Port Connectivity Checks: "Clock_2_Hz:Clock_2_Hz"                                                                                                                       ;
+------+--------+----------+----------------------------------------------------------------------------------------------------------------------------------------------+
; Port ; Type   ; Severity ; Details                                                                                                                                      ;
+------+--------+----------+----------------------------------------------------------------------------------------------------------------------------------------------+
; SW   ; Input  ; Warning  ; Declared by entity but not connected by instance. If a default value exists, it will be used.  Otherwise, the port will be connected to GND. ;
; LED  ; Output ; Warning  ; Declared by entity but not connected by instance. Logic that only feeds a dangling port will be removed.                                     ;
+------+--------+----------+----------------------------------------------------------------------------------------------------------------------------------------------+


+-------------------------------------------------------------------------------------------------------------------------------------------------------------------------+
; Port Connectivity Checks: "Clock_1_Hz:Clock_1_Hz"                                                                                                                       ;
+------+--------+----------+----------------------------------------------------------------------------------------------------------------------------------------------+
; Port ; Type   ; Severity ; Details                                                                                                                                      ;
+------+--------+----------+----------------------------------------------------------------------------------------------------------------------------------------------+
; SW   ; Input  ; Warning  ; Declared by entity but not connected by instance. If a default value exists, it will be used.  Otherwise, the port will be connected to GND. ;
; LED  ; Output ; Warning  ; Declared by entity but not connected by instance. Logic that only feeds a dangling port will be removed.                                     ;
+------+--------+----------+----------------------------------------------------------------------------------------------------------------------------------------------+


+-------------------------------+
; Elapsed Time Per Partition    ;
+----------------+--------------+
; Partition Name ; Elapsed Time ;
+----------------+--------------+
; Top            ; 00:00:03     ;
+----------------+--------------+


+-------------------------------+
; Analysis & Synthesis Messages ;
+-------------------------------+
Info: *******************************************************************
Info: Running Quartus II 32-bit Analysis & Synthesis
    Info: Version 13.0.0 Build 156 04/24/2013 SJ Web Edition
    Info: Processing started: Sat Apr 14 14:30:09 2018
Info: Command: quartus_map --read_settings_files=on --write_settings_files=off uart_rx -c uart_rx
Warning (20028): Parallel compilation is not licensed and has been disabled
Info (12021): Found 1 design units, including 1 entities, in source file clock_2_hz.v
    Info (12023): Found entity 1: Clock_2_Hz
Info (12021): Found 1 design units, including 1 entities, in source file timer.v
    Info (12023): Found entity 1: timer
Info (12021): Found 1 design units, including 1 entities, in source file clock_1_hz.v
    Info (12023): Found entity 1: Clock_1_Hz
Info (12021): Found 1 design units, including 1 entities, in source file src/top.v
    Info (12023): Found entity 1: top
Info (12021): Found 1 design units, including 1 entities, in source file src/uart_tx.v
    Info (12023): Found entity 1: uart_tx
Info (12021): Found 1 design units, including 1 entities, in source file src/uart_buf.v
    Info (12023): Found entity 1: uart_buf
Info (12021): Found 1 design units, including 1 entities, in source file src/uart_rx.v
    Info (12023): Found entity 1: uart_rx
Warning (10236): Verilog HDL Implicit Net warning at top.v(73): created implicit net for "timer3"
Info (12127): Elaborating entity "top" for the top level hierarchy
Warning (10036): Verilog HDL or VHDL warning at top.v(35): object "n" assigned a value but never read
Warning (10036): Verilog HDL or VHDL warning at top.v(37): object "direction1" assigned a value but never read
Warning (10036): Verilog HDL or VHDL warning at top.v(43): object "stop" assigned a value but never read
Warning (10036): Verilog HDL or VHDL warning at top.v(46): object "cnt" assigned a value but never read
Warning (10036): Verilog HDL or VHDL warning at top.v(48): object "signal" assigned a value but never read
Warning (10230): Verilog HDL assignment warning at top.v(80): truncated value with size 32 to match size of target (1)
Warning (10230): Verilog HDL assignment warning at top.v(165): truncated value with size 32 to match size of target (25)
Warning (10230): Verilog HDL assignment warning at top.v(194): truncated value with size 32 to match size of target (25)
Warning (10230): Verilog HDL assignment warning at top.v(216): truncated value with size 32 to match size of target (25)
Warning (10230): Verilog HDL assignment warning at top.v(303): truncated value with size 25 to match size of target (1)
Warning (10034): Output port "light" at top.v(15) has no driver
Warning (10034): Output port "step1" at top.v(8) has no driver
Warning (10034): Output port "led" at top.v(12) has no driver
Info (12128): Elaborating entity "Clock_1_Hz" for hierarchy "Clock_1_Hz:Clock_1_Hz"
Warning (10230): Verilog HDL assignment warning at Clock_1_Hz.v(11): truncated value with size 32 to match size of target (28)
Warning (10034): Output port "LED" at Clock_1_Hz.v(4) has no driver
Info (12128): Elaborating entity "timer" for hierarchy "timer:timer"
Warning (10230): Verilog HDL assignment warning at timer.v(17): truncated value with size 32 to match size of target (25)
Info (12128): Elaborating entity "Clock_2_Hz" for hierarchy "Clock_2_Hz:Clock_2_Hz"
Warning (10230): Verilog HDL assignment warning at Clock_2_Hz.v(11): truncated value with size 32 to match size of target (25)
Warning (10034): Output port "LED" at Clock_2_Hz.v(4) has no driver
Info (12128): Elaborating entity "uart_rx" for hierarchy "uart_rx:uart_rx_m0"
Info (12128): Elaborating entity "uart_tx" for hierarchy "uart_tx:uart_tx_m0"
Info (12128): Elaborating entity "uart_buf" for hierarchy "uart_buf:uart_buf_m0"
Info (12128): Elaborating entity "scfifo" for hierarchy "uart_buf:uart_buf_m0|scfifo:scfifo_component"
Info (12130): Elaborated megafunction instantiation "uart_buf:uart_buf_m0|scfifo:scfifo_component"
Info (12133): Instantiated megafunction "uart_buf:uart_buf_m0|scfifo:scfifo_component" with the following parameter:
    Info (12134): Parameter "add_ram_output_register" = "OFF"
    Info (12134): Parameter "intended_device_family" = "Cyclone IV E"
    Info (12134): Parameter "lpm_numwords" = "256"
    Info (12134): Parameter "lpm_showahead" = "OFF"
    Info (12134): Parameter "lpm_type" = "scfifo"
    Info (12134): Parameter "lpm_width" = "8"
    Info (12134): Parameter "lpm_widthu" = "8"
    Info (12134): Parameter "overflow_checking" = "ON"
    Info (12134): Parameter "underflow_checking" = "ON"
    Info (12134): Parameter "use_eab" = "ON"
Info (12021): Found 1 design units, including 1 entities, in source file db/scfifo_f441.tdf
    Info (12023): Found entity 1: scfifo_f441
Info (12128): Elaborating entity "scfifo_f441" for hierarchy "uart_buf:uart_buf_m0|scfifo:scfifo_component|scfifo_f441:auto_generated"
Info (12021): Found 1 design units, including 1 entities, in source file db/a_dpfifo_ma41.tdf
    Info (12023): Found entity 1: a_dpfifo_ma41
Info (12128): Elaborating entity "a_dpfifo_ma41" for hierarchy "uart_buf:uart_buf_m0|scfifo:scfifo_component|scfifo_f441:auto_generated|a_dpfifo_ma41:dpfifo"
Info (12021): Found 1 design units, including 1 entities, in source file db/a_fefifo_08f.tdf
    Info (12023): Found entity 1: a_fefifo_08f
Info (12128): Elaborating entity "a_fefifo_08f" for hierarchy "uart_buf:uart_buf_m0|scfifo:scfifo_component|scfifo_f441:auto_generated|a_dpfifo_ma41:dpfifo|a_fefifo_08f:fifo_state"
Info (12021): Found 1 design units, including 1 entities, in source file db/cntr_fo7.tdf
    Info (12023): Found entity 1: cntr_fo7
Info (12128): Elaborating entity "cntr_fo7" for hierarchy "uart_buf:uart_buf_m0|scfifo:scfifo_component|scfifo_f441:auto_generated|a_dpfifo_ma41:dpfifo|a_fefifo_08f:fifo_state|cntr_fo7:count_usedw"
Info (12021): Found 1 design units, including 1 entities, in source file db/dpram_4711.tdf
    Info (12023): Found entity 1: dpram_4711
Info (12128): Elaborating entity "dpram_4711" for hierarchy "uart_buf:uart_buf_m0|scfifo:scfifo_component|scfifo_f441:auto_generated|a_dpfifo_ma41:dpfifo|dpram_4711:FIFOram"
Info (12021): Found 1 design units, including 1 entities, in source file db/altsyncram_q0k1.tdf
    Info (12023): Found entity 1: altsyncram_q0k1
Info (12128): Elaborating entity "altsyncram_q0k1" for hierarchy "uart_buf:uart_buf_m0|scfifo:scfifo_component|scfifo_f441:auto_generated|a_dpfifo_ma41:dpfifo|dpram_4711:FIFOram|altsyncram_q0k1:altsyncram1"
Info (12021): Found 1 design units, including 1 entities, in source file db/cntr_3ob.tdf
    Info (12023): Found entity 1: cntr_3ob
Info (12128): Elaborating entity "cntr_3ob" for hierarchy "uart_buf:uart_buf_m0|scfifo:scfifo_component|scfifo_f441:auto_generated|a_dpfifo_ma41:dpfifo|cntr_3ob:rd_ptr_count"
Warning (12241): 2 hierarchies have connectivity warnings - see the Connectivity Checks report folder
Info (13000): Registers with preset signals will power-up high
Info (13003): DEV_CLRn pin will set, and not reset, register with preset signal due to NOT Gate Push-Back
Warning (13024): Output pins are stuck at VCC or GND
    Warning (13410): Pin "step1" is stuck at GND
    Warning (13410): Pin "led" is stuck at GND
    Warning (13410): Pin "light[0]" is stuck at GND
    Warning (13410): Pin "light[1]" is stuck at GND
    Warning (13410): Pin "light[2]" is stuck at GND
Info (286030): Timing-Driven Synthesis is running
Info (17049): 8 registers lost all their fanouts during netlist optimizations.
Info (144001): Generated suppressed messages file D:/Desktop/FYP2/06_uart_rx_4ce17/output_files/uart_rx.map.smsg
Info (16010): Generating hard_block partition "hard_block:auto_generated_inst"
    Info (16011): Adding 0 node(s), including 0 DDIO, 0 PLL, 0 transceiver and 0 LCELL
Info (21057): Implemented 459 device resources after synthesis - the final resource count might be different
    Info (21058): Implemented 4 input pins
    Info (21059): Implemented 10 output pins
    Info (21061): Implemented 437 logic cells
    Info (21064): Implemented 8 RAM segments
Info: Quartus II 32-bit Analysis & Synthesis was successful. 0 errors, 27 warnings
    Info: Peak virtual memory: 364 megabytes
    Info: Processing ended: Sat Apr 14 14:30:18 2018
    Info: Elapsed time: 00:00:09
    Info: Total CPU time (on all processors): 00:00:03


+------------------------------------------+
; Analysis & Synthesis Suppressed Messages ;
+------------------------------------------+
The suppressed messages can be found in D:/Desktop/FYP2/06_uart_rx_4ce17/output_files/uart_rx.map.smsg.


